CRITICAL - 2023-04-12 23:14:14 --> Invalid argument supplied for foreach()
in APPPATH\Views\temperatura.php on line 20.
 1 APPPATH\Views\temperatura.php(20): CodeIgniter\Debug\Exceptions->errorHandler(2, 'Invalid argument supplied for foreach()', 'C:\\laragon\\www\\Horus\\app\\Views\\temperatura.php', 20, [])
 2 SYSTEMPATH\View\View.php(213): include('C:\\laragon\\www\\Horus\\app\\Views\\temperatura.php')
 3 SYSTEMPATH\View\View.php(216): CodeIgniter\View\View->CodeIgniter\View\{closure}()
 4 SYSTEMPATH\Common.php(1184): CodeIgniter\View\View->render('temperatura', [], true)
 5 APPPATH\Controllers\TPA.php(26): view('temperatura')
 6 SYSTEMPATH\CodeIgniter.php(934): App\Controllers\TPA->temperatura()
 7 SYSTEMPATH\CodeIgniter.php(499): CodeIgniter\CodeIgniter->runController(Object(App\Controllers\TPA))
 8 SYSTEMPATH\CodeIgniter.php(368): CodeIgniter\CodeIgniter->handleRequest(null, Object(Config\Cache), false)
 9 FCPATH\index.php(67): CodeIgniter\CodeIgniter->run()
CRITICAL - 2023-04-12 23:15:46 --> Undefined variable: tpa
in APPPATH\Views\temperatura.php on line 20.
 1 APPPATH\Views\temperatura.php(20): CodeIgniter\Debug\Exceptions->errorHandler(8, 'Undefined variable: tpa', 'C:\\laragon\\www\\Horus\\app\\Views\\temperatura.php', 20, [])
 2 SYSTEMPATH\View\View.php(213): include('C:\\laragon\\www\\Horus\\app\\Views\\temperatura.php')
 3 SYSTEMPATH\View\View.php(216): CodeIgniter\View\View->CodeIgniter\View\{closure}()
 4 SYSTEMPATH\Common.php(1184): CodeIgniter\View\View->render('temperatura', [], true)
 5 APPPATH\Controllers\TPA.php(26): view('temperatura')
 6 SYSTEMPATH\CodeIgniter.php(934): App\Controllers\TPA->temperatura()
 7 SYSTEMPATH\CodeIgniter.php(499): CodeIgniter\CodeIgniter->runController(Object(App\Controllers\TPA))
 8 SYSTEMPATH\CodeIgniter.php(368): CodeIgniter\CodeIgniter->handleRequest(null, Object(Config\Cache), false)
 9 FCPATH\index.php(67): CodeIgniter\CodeIgniter->run()
